[2023-06-17 15:29:29] Segnalazione di notizia: https://facta.news/antibufale/2023/06/13/rtl-berlusconi-annalisa/
[2023-06-17 15:34:33] Segnalazione di notizia: https://facta.news/antibufale/2023/06/13/rtl-berlusconi-annalisa/
[2023-06-17 15:35:48] Segnalazione di notizia: https://facta.news/antibufale/2023/06/13/rtl-berlusconi-annalisa/
[2023-06-17 15:36:32] Segnalazione di notizia: https://facta.news/antibufale/2023/06/13/rtl-berlusconi-annalisa/
[2023-06-17 15:37:04] Segnalazione di notizia: https://facta.news/antibufale/2023/06/13/rtl-berlusconi-annalisa/
[2023-06-17 15:37:39] Segnalazione di notizia: https://facta.news/antibufale/2023/06/13/rtl-berlusconi-annalisa/
[2023-06-17 15:37:49] Segnalazione di notizia: https://tg24.sky.it/mondo/2023/06/16/berlusconi-putin-minuto-silenzio-san-pietroburgo-video
[2023-06-17 16:06:44] Segnalazione di notizia: https://facta.news/antibufale/2023/06/13/rtl-berlusconi-annalisa/
[2023-06-17 16:07:49] Segnalazione di notizia: https://facta.news/antibufale/2023/06/13/rtl-berlusconi-annalisa/
[2023-06-17 16:09:41] Segnalazione di notizia: https://facta.news/antibufale/2023/06/13/rtl-berlusconi-annalisa/
[2023-06-17 16:13:56] Segnalazione di notizia: https://staticfanpage.akamaized.net/wp-content/uploads/sites/34/2023/03/Screenshot-2023-03-26-alle-20.24.23.jpg
[2023-06-17 16:17:21] Segnalazione di notizia: https://staticfanpage.akamaized.net/wp-content/uploads/sites/34/2023/03/Screenshot-2023-03-26-alle-20.24.23.jpg
[2023-06-17 16:19:02] Segnalazione di notizia: https://staticfanpage.akamaized.net/wp-content/uploads/sites/34/2023/03/Screenshot-2023-03-26-alle-20.24.23.jpg
[2023-06-17 16:20:01] Segnalazione di notizia: https://www.corriere.it/politica/23_giugno_12/silvio-berlusconi-morto-8ab875a6-08f8-11ee-9252-2eef801783fd.shtml
[2023-06-17 16:20:45] Segnalazione di notizia: https://www.corriere.it/politica/23_giugno_12/silvio-berlusconi-morto-8ab875a6-08f8-11ee-9252-2eef801783fd.shtml
[2023-06-17 16:22:28] Segnalazione di notizia: https://www.corriere.it/politica/23_giugno_12/silvio-berlusconi-morto-8ab875a6-08f8-11ee-9252-2eef801783fd.shtml
[2023-06-17 16:22:40] Segnalazione di notizia: https://www.corriere.it/politica/23_giugno_12/silvio-berlusconi-morto-8ab875a6-08f8-11ee-9252-2eef801783fd.shtml
[2023-06-17 16:24:16] Segnalazione di notizia: https://www.corriere.it/politica/23_giugno_12/silvio-berlusconi-morto-8ab875a6-08f8-11ee-9252-2eef801783fd.shtml
[2023-06-17 16:25:14] Segnalazione di notizia: https://www.corriere.it/politica/23_giugno_12/silvio-berlusconi-morto-8ab875a6-08f8-11ee-9252-2eef801783fd.shtml
[2023-06-17 16:27:12] Segnalazione di notizia: https://www.corriere.it/politica/23_giugno_12/silvio-berlusconi-morto-8ab875a6-08f8-11ee-9252-2eef801783fd.shtml
[2023-06-17 16:29:10] Segnalazione di notizia: https://www.corriere.it/politica/23_giugno_12/silvio-berlusconi-morto-8ab875a6-08f8-11ee-9252-2eef801783fd.shtml
[2023-06-17 16:31:03] Segnalazione di notizia: https://www.corriere.it/politica/23_giugno_12/silvio-berlusconi-morto-8ab875a6-08f8-11ee-9252-2eef801783fd.shtml
[2023-06-17 16:33:52] Segnalazione di notizia: https://www.corriere.it/politica/23_giugno_12/silvio-berlusconi-morto-8ab875a6-08f8-11ee-9252-2eef801783fd.shtml
[2023-06-17 16:43:17] Segnalazione di notizia: https://www.rainews.it/maratona/2023/06/berlusconi-ricoverato-al-san-raffaele-905fed1a-a4b8-4fd6-8a17-d328063810d0.html
[2023-06-17 16:44:21] Segnalazione di notizia: https://www.rainews.it/maratona/2023/06/berlusconi-ricoverato-al-san-raffaele-905fed1a-a4b8-4fd6-8a17-d328063810d0.html
[2023-06-17 16:44:51] Segnalazione di notizia: https://www.rainews.it/maratona/2023/06/berlusconi-ricoverato-al-san-raffaele-905fed1a-a4b8-4fd6-8a17-d328063810d0.html
[2023-06-17 16:45:37] Segnalazione di notizia: https://www.rainews.it/maratona/2023/06/berlusconi-ricoverato-al-san-raffaele-905fed1a-a4b8-4fd6-8a17-d328063810d0.html
[2023-06-17 16:47:14] Segnalazione di notizia: https://www.corriere.it/politica/23_giugno_12/silvio-berlusconi-morto-8ab875a6-08f8-11ee-9252-2eef801783fd.shtml
[2023-06-17 16:49:57] Segnalazione di notizia: https://www.corriere.it/politica/23_giugno_12/silvio-berlusconi-morto-8ab875a6-08f8-11ee-9252-2eef801783fd.shtml
[2023-06-17 16:51:57] Segnalazione di notizia: https://www.corriere.it/politica/23_giugno_12/silvio-berlusconi-morto-8ab875a6-08f8-11ee-9252-2eef801783fd.shtml
[2023-06-17 16:56:36] Segnalazione di notizia: https://www.corriere.it/politica/23_giugno_12/silvio-berlusconi-morto-8ab875a6-08f8-11ee-9252-2eef801783fd.shtml
[2023-06-17 16:57:47] Segnalazione di notizia: https://www.corriere.it/politica/23_giugno_12/silvio-berlusconi-morto-8ab875a6-08f8-11ee-9252-2eef801783fd.shtml
[2023-06-17 16:58:03] Segnalazione di notizia: https://www.corriere.it/politica/23_giugno_12/silvio-berlusconi-morto-8ab875a6-08f8-11ee-9252-2eef801783fd.shtml
[2023-06-17 16:58:39] Segnalazione di notizia: https://www.corriere.it/politica/23_giugno_12/silvio-berlusconi-morto-8ab875a6-08f8-11ee-9252-2eef801783fd.shtml
[2023-06-17 17:02:58] Segnalazione di notizia: https://www.corriere.it/politica/23_giugno_12/silvio-berlusconi-morto-8ab875a6-08f8-11ee-9252-2eef801783fd.shtml
[2023-06-17 17:03:50] Segnalazione di notizia: https://www.corriere.it/politica/23_giugno_12/silvio-berlusconi-morto-8ab875a6-08f8-11ee-9252-2eef801783fd.shtml
[2023-06-17 17:06:00] Segnalazione di notizia: https://www.corriere.it/politica/23_giugno_12/silvio-berlusconi-morto-8ab875a6-08f8-11ee-9252-2eef801783fd.shtml
[2023-06-17 17:07:30] Segnalazione di notizia: https://www.corriere.it/politica/23_giugno_12/silvio-berlusconi-morto-8ab875a6-08f8-11ee-9252-2eef801783fd.shtml
[2023-06-17 17:08:34] Segnalazione di notizia: https://www.corriere.it/politica/23_giugno_12/silvio-berlusconi-morto-8ab875a6-08f8-11ee-9252-2eef801783fd.shtml
[2023-06-17 17:09:53] Segnalazione di notizia: https://www.corriere.it/politica/23_giugno_12/silvio-berlusconi-morto-8ab875a6-08f8-11ee-9252-2eef801783fd.shtml
[2023-06-17 17:40:42] Segnalazione di notizia: https://www.corriere.it/politica/23_giugno_12/silvio-berlusconi-morto-8ab875a6-08f8-11ee-9252-2eef801783fd.shtml
[2023-06-17 17:41:46] Segnalazione di notizia: https://www.corriere.it/politica/23_giugno_12/silvio-berlusconi-morto-8ab875a6-08f8-11ee-9252-2eef801783fd.shtml
[2023-06-17 17:42:27] Segnalazione di notizia: https://www.corriere.it/politica/23_giugno_12/silvio-berlusconi-morto-8ab875a6-08f8-11ee-9252-2eef801783fd.shtml
[2023-06-17 17:45:11] Segnalazione di notizia: https://tg24.sky.it/mondo/2023/06/16/berlusconi-putin-minuto-silenzio-san-pietroburgo-video
[2023-06-17 17:53:34] Segnalazione di notizia: https://tg24.sky.it/mondo/2023/06/16/berlusconi-putin-minuto-silenzio-san-pietroburgo-video
[2023-06-17 17:53:59] Segnalazione di notizia: https://tg24.sky.it/mondo/2023/06/16/berlusconi-putin-minuto-silenzio-san-pietroburgo-video
[2023-06-17 17:55:03] Segnalazione di notizia: https://tg24.sky.it/mondo/2023/06/16/berlusconi-putin-minuto-silenzio-san-pietroburgo-video
[2023-06-17 17:55:15] Segnalazione di notizia: https://tg24.sky.it/mondo/2023/06/16/berlusconi-putin-minuto-silenzio-san-pietroburgo-video
[2023-06-17 17:57:44] Segnalazione di notizia: https://tg24.sky.it/mondo/2023/06/16/berlusconi-putin-minuto-silenzio-san-pietroburgo-video
[2023-06-17 17:59:52] Segnalazione di notizia: https://tg24.sky.it/mondo/2023/06/16/berlusconi-putin-minuto-silenzio-san-pietroburgo-video
[2023-06-17 18:00:05] Segnalazione di notizia: https://tg24.sky.it/mondo/2023/06/16/berlusconi-putin-minuto-silenzio-san-pietroburgo-video
[2023-06-17 18:36:53] Segnalazione di notizia: https://tg24.sky.it/mondo/2023/06/16/berlusconi-putin-minuto-silenzio-san-pietroburgo-video
[2023-06-17 18:38:05] Segnalazione di notizia: https://tg24.sky.it/mondo/2023/06/16/berlusconi-putin-minuto-silenzio-san-pietroburgo-video
[2023-06-17 18:40:16] Segnalazione di notizia: https://tg24.sky.it/mondo/2023/06/16/berlusconi-putin-minuto-silenzio-san-pietroburgo-video
[2023-06-17 18:59:46] Segnalazione di notizia: https://tg24.sky.it/mondo/2023/06/16/berlusconi-putin-minuto-silenzio-san-pietroburgo-video
[2023-06-17 19:03:30] Segnalazione di notizia: https://tg24.sky.it/mondo/2023/06/16/berlusconi-putin-minuto-silenzio-san-pietroburgo-video
[2023-06-17 19:04:59] Segnalazione di notizia: https://tg24.sky.it/mondo/2023/06/16/berlusconi-putin-minuto-silenzio-san-pietroburgo-video
